{"/Users/mandy/Documents/_Proyectos/fullstackopen.com/test-part3-notes-backend-nodejs/part5-notes-frontend/src/App.jsx": {"path":"/Users/mandy/Documents/_Proyectos/fullstackopen.com/test-part3-notes-backend-nodejs/part5-notes-frontend/src/App.jsx","statementMap":{"0":{"start":{"line":11,"column":12},"end":{"line":130,"column":1}},"1":{"start":{"line":12,"column":28},"end":{"line":12,"column":40}},"2":{"start":{"line":13,"column":32},"end":{"line":13,"column":46}},"3":{"start":{"line":14,"column":42},"end":{"line":14,"column":56}},"4":{"start":{"line":16,"column":34},"end":{"line":16,"column":46}},"5":{"start":{"line":17,"column":34},"end":{"line":17,"column":46}},"6":{"start":{"line":18,"column":26},"end":{"line":18,"column":40}},"7":{"start":{"line":20,"column":2},"end":{"line":24,"column":8}},"8":{"start":{"line":21,"column":4},"end":{"line":23,"column":6}},"9":{"start":{"line":22,"column":6},"end":{"line":22,"column":28}},"10":{"start":{"line":26,"column":2},"end":{"line":33,"column":8}},"11":{"start":{"line":27,"column":27},"end":{"line":27,"column":75}},"12":{"start":{"line":28,"column":4},"end":{"line":32,"column":5}},"13":{"start":{"line":29,"column":19},"end":{"line":29,"column":45}},"14":{"start":{"line":30,"column":6},"end":{"line":30,"column":19}},"15":{"start":{"line":31,"column":6},"end":{"line":31,"column":38}},"16":{"start":{"line":35,"column":22},"end":{"line":35,"column":30}},"17":{"start":{"line":37,"column":22},"end":{"line":55,"column":3}},"18":{"start":{"line":38,"column":4},"end":{"line":38,"column":26}},"19":{"start":{"line":39,"column":4},"end":{"line":54,"column":5}},"20":{"start":{"line":40,"column":19},"end":{"line":43,"column":8}},"21":{"start":{"line":44,"column":6},"end":{"line":44,"column":38}},"22":{"start":{"line":45,"column":6},"end":{"line":45,"column":76}},"23":{"start":{"line":46,"column":6},"end":{"line":46,"column":19}},"24":{"start":{"line":47,"column":6},"end":{"line":47,"column":21}},"25":{"start":{"line":48,"column":6},"end":{"line":48,"column":21}},"26":{"start":{"line":50,"column":6},"end":{"line":50,"column":42}},"27":{"start":{"line":51,"column":6},"end":{"line":53,"column":14}},"28":{"start":{"line":52,"column":8},"end":{"line":52,"column":29}},"29":{"start":{"line":57,"column":18},"end":{"line":62,"column":3}},"30":{"start":{"line":58,"column":4},"end":{"line":61,"column":6}},"31":{"start":{"line":59,"column":6},"end":{"line":59,"column":42}},"32":{"start":{"line":60,"column":6},"end":{"line":60,"column":44}},"33":{"start":{"line":64,"column":22},"end":{"line":64,"column":78}},"34":{"start":{"line":64,"column":63},"end":{"line":64,"column":77}},"35":{"start":{"line":66,"column":29},"end":{"line":85,"column":3}},"36":{"start":{"line":67,"column":17},"end":{"line":67,"column":47}},"37":{"start":{"line":67,"column":35},"end":{"line":67,"column":46}},"38":{"start":{"line":68,"column":24},"end":{"line":68,"column":63}},"39":{"start":{"line":70,"column":4},"end":{"line":84,"column":8}},"40":{"start":{"line":73,"column":8},"end":{"line":73,"column":77}},"41":{"start":{"line":73,"column":38},"end":{"line":73,"column":74}},"42":{"start":{"line":76,"column":8},"end":{"line":76,"column":26}},"43":{"start":{"line":77,"column":8},"end":{"line":79,"column":9}},"44":{"start":{"line":80,"column":8},"end":{"line":82,"column":16}},"45":{"start":{"line":81,"column":10},"end":{"line":81,"column":31}},"46":{"start":{"line":83,"column":8},"end":{"line":83,"column":50}},"47":{"start":{"line":83,"column":37},"end":{"line":83,"column":48}},"48":{"start":{"line":87,"column":2},"end":{"line":129,"column":3}},"49":{"start":{"line":97,"column":50},"end":{"line":97,"column":75}},"50":{"start":{"line":98,"column":50},"end":{"line":98,"column":75}},"51":{"start":{"line":113,"column":31},"end":{"line":113,"column":51}},"52":{"start":{"line":119,"column":10},"end":{"line":123,"column":12}},"53":{"start":{"line":122,"column":36},"end":{"line":122,"column":63}}},"fnMap":{"0":{"name":"(anonymous_0)","decl":{"start":{"line":11,"column":12},"end":{"line":11,"column":13}},"loc":{"start":{"line":11,"column":18},"end":{"line":130,"column":1}},"line":11},"1":{"name":"(anonymous_1)","decl":{"start":{"line":20,"column":12},"end":{"line":20,"column":13}},"loc":{"start":{"line":20,"column":18},"end":{"line":24,"column":3}},"line":20},"2":{"name":"(anonymous_2)","decl":{"start":{"line":21,"column":30},"end":{"line":21,"column":31}},"loc":{"start":{"line":21,"column":48},"end":{"line":23,"column":5}},"line":21},"3":{"name":"(anonymous_3)","decl":{"start":{"line":26,"column":12},"end":{"line":26,"column":13}},"loc":{"start":{"line":26,"column":18},"end":{"line":33,"column":3}},"line":26},"4":{"name":"(anonymous_4)","decl":{"start":{"line":37,"column":22},"end":{"line":37,"column":23}},"loc":{"start":{"line":37,"column":39},"end":{"line":55,"column":3}},"line":37},"5":{"name":"(anonymous_5)","decl":{"start":{"line":51,"column":17},"end":{"line":51,"column":18}},"loc":{"start":{"line":51,"column":23},"end":{"line":53,"column":7}},"line":51},"6":{"name":"(anonymous_6)","decl":{"start":{"line":57,"column":18},"end":{"line":57,"column":19}},"loc":{"start":{"line":57,"column":34},"end":{"line":62,"column":3}},"line":57},"7":{"name":"(anonymous_7)","decl":{"start":{"line":58,"column":40},"end":{"line":58,"column":41}},"loc":{"start":{"line":58,"column":58},"end":{"line":61,"column":5}},"line":58},"8":{"name":"(anonymous_8)","decl":{"start":{"line":64,"column":53},"end":{"line":64,"column":54}},"loc":{"start":{"line":64,"column":63},"end":{"line":64,"column":77}},"line":64},"9":{"name":"(anonymous_9)","decl":{"start":{"line":66,"column":29},"end":{"line":66,"column":30}},"loc":{"start":{"line":66,"column":37},"end":{"line":85,"column":3}},"line":66},"10":{"name":"(anonymous_10)","decl":{"start":{"line":67,"column":28},"end":{"line":67,"column":29}},"loc":{"start":{"line":67,"column":35},"end":{"line":67,"column":46}},"line":67},"11":{"name":"(anonymous_11)","decl":{"start":{"line":72,"column":12},"end":{"line":72,"column":13}},"loc":{"start":{"line":72,"column":30},"end":{"line":74,"column":7}},"line":72},"12":{"name":"(anonymous_12)","decl":{"start":{"line":73,"column":27},"end":{"line":73,"column":28}},"loc":{"start":{"line":73,"column":38},"end":{"line":73,"column":74}},"line":73},"13":{"name":"(anonymous_13)","decl":{"start":{"line":75,"column":13},"end":{"line":75,"column":14}},"loc":{"start":{"line":75,"column":24},"end":{"line":84,"column":7}},"line":75},"14":{"name":"(anonymous_14)","decl":{"start":{"line":80,"column":19},"end":{"line":80,"column":20}},"loc":{"start":{"line":80,"column":25},"end":{"line":82,"column":9}},"line":80},"15":{"name":"(anonymous_15)","decl":{"start":{"line":83,"column":30},"end":{"line":83,"column":31}},"loc":{"start":{"line":83,"column":37},"end":{"line":83,"column":48}},"line":83},"16":{"name":"(anonymous_16)","decl":{"start":{"line":97,"column":34},"end":{"line":97,"column":35}},"loc":{"start":{"line":97,"column":50},"end":{"line":97,"column":75}},"line":97},"17":{"name":"(anonymous_17)","decl":{"start":{"line":98,"column":34},"end":{"line":98,"column":35}},"loc":{"start":{"line":98,"column":50},"end":{"line":98,"column":75}},"line":98},"18":{"name":"(anonymous_18)","decl":{"start":{"line":113,"column":25},"end":{"line":113,"column":26}},"loc":{"start":{"line":113,"column":31},"end":{"line":113,"column":51}},"line":113},"19":{"name":"(anonymous_19)","decl":{"start":{"line":118,"column":25},"end":{"line":118,"column":26}},"loc":{"start":{"line":119,"column":10},"end":{"line":123,"column":12}},"line":119},"20":{"name":"(anonymous_20)","decl":{"start":{"line":122,"column":30},"end":{"line":122,"column":31}},"loc":{"start":{"line":122,"column":36},"end":{"line":122,"column":63}},"line":122}},"branchMap":{"0":{"loc":{"start":{"line":28,"column":4},"end":{"line":32,"column":5}},"type":"if","locations":[{"start":{"line":28,"column":4},"end":{"line":32,"column":5}},{"start":{},"end":{}}],"line":28},"1":{"loc":{"start":{"line":64,"column":22},"end":{"line":64,"column":78}},"type":"cond-expr","locations":[{"start":{"line":64,"column":32},"end":{"line":64,"column":37}},{"start":{"line":64,"column":40},"end":{"line":64,"column":78}}],"line":64},"2":{"loc":{"start":{"line":73,"column":38},"end":{"line":73,"column":74}},"type":"cond-expr","locations":[{"start":{"line":73,"column":55},"end":{"line":73,"column":59}},{"start":{"line":73,"column":62},"end":{"line":73,"column":74}}],"line":73},"3":{"loc":{"start":{"line":92,"column":7},"end":{"line":102,"column":7}},"type":"binary-expr","locations":[{"start":{"line":92,"column":7},"end":{"line":92,"column":12}},{"start":{"line":93,"column":8},"end":{"line":101,"column":20}}],"line":92},"4":{"loc":{"start":{"line":103,"column":7},"end":{"line":110,"column":7}},"type":"binary-expr","locations":[{"start":{"line":103,"column":7},"end":{"line":103,"column":11}},{"start":{"line":104,"column":8},"end":{"line":109,"column":14}}],"line":103},"5":{"loc":{"start":{"line":114,"column":16},"end":{"line":114,"column":45}},"type":"cond-expr","locations":[{"start":{"line":114,"column":26},"end":{"line":114,"column":37}},{"start":{"line":114,"column":40},"end":{"line":114,"column":45}}],"line":114}},"s":{"0":0,"1":0,"2":0,"3":0,"4":0,"5":0,"6":0,"7":0,"8":0,"9":0,"10":0,"11":0,"12":0,"13":0,"14":0,"15":0,"16":0,"17":0,"18":0,"19":0,"20":0,"21":0,"22":0,"23":0,"24":0,"25":0,"26":0,"27":0,"28":0,"29":0,"30":0,"31":0,"32":0,"33":0,"34":0,"35":0,"36":0,"37":0,"38":0,"39":0,"40":0,"41":0,"42":0,"43":0,"44":0,"45":0,"46":0,"47":0,"48":0,"49":0,"50":0,"51":0,"52":0,"53":0},"f":{"0":0,"1":0,"2":0,"3":0,"4":0,"5":0,"6":0,"7":0,"8":0,"9":0,"10":0,"11":0,"12":0,"13":0,"14":0,"15":0,"16":0,"17":0,"18":0,"19":0,"20":0},"b":{"0":[0,0],"1":[0,0],"2":[0,0],"3":[0,0],"4":[0,0],"5":[0,0]}}
,"/Users/mandy/Documents/_Proyectos/fullstackopen.com/test-part3-notes-backend-nodejs/part5-notes-frontend/src/index.js": {"path":"/Users/mandy/Documents/_Proyectos/fullstackopen.com/test-part3-notes-backend-nodejs/part5-notes-frontend/src/index.js","statementMap":{"0":{"start":{"line":5,"column":0},"end":{"line":5,"column":68}}},"fnMap":{},"branchMap":{},"s":{"0":0},"f":{},"b":{}}
,"/Users/mandy/Documents/_Proyectos/fullstackopen.com/test-part3-notes-backend-nodejs/part5-notes-frontend/src/components/Footer.jsx": {"path":"/Users/mandy/Documents/_Proyectos/fullstackopen.com/test-part3-notes-backend-nodejs/part5-notes-frontend/src/components/Footer.jsx","statementMap":{"0":{"start":{"line":1,"column":15},"end":{"line":14,"column":1}},"1":{"start":{"line":2,"column":22},"end":{"line":6,"column":3}},"2":{"start":{"line":8,"column":2},"end":{"line":13,"column":3}}},"fnMap":{"0":{"name":"(anonymous_0)","decl":{"start":{"line":1,"column":15},"end":{"line":1,"column":16}},"loc":{"start":{"line":1,"column":21},"end":{"line":14,"column":1}},"line":1}},"branchMap":{},"s":{"0":0,"1":0,"2":0},"f":{"0":0},"b":{}}
,"/Users/mandy/Documents/_Proyectos/fullstackopen.com/test-part3-notes-backend-nodejs/part5-notes-frontend/src/components/LoginForm.jsx": {"path":"/Users/mandy/Documents/_Proyectos/fullstackopen.com/test-part3-notes-backend-nodejs/part5-notes-frontend/src/components/LoginForm.jsx","statementMap":{"0":{"start":{"line":3,"column":18},"end":{"line":31,"column":1}},"1":{"start":{"line":10,"column":2},"end":{"line":30,"column":3}},"2":{"start":{"line":33,"column":0},"end":{"line":39,"column":1}}},"fnMap":{"0":{"name":"(anonymous_0)","decl":{"start":{"line":3,"column":18},"end":{"line":3,"column":19}},"loc":{"start":{"line":9,"column":6},"end":{"line":31,"column":1}},"line":9}},"branchMap":{},"s":{"0":0,"1":0,"2":0},"f":{"0":0},"b":{}}
,"/Users/mandy/Documents/_Proyectos/fullstackopen.com/test-part3-notes-backend-nodejs/part5-notes-frontend/src/components/Note.jsx": {"path":"/Users/mandy/Documents/_Proyectos/fullstackopen.com/test-part3-notes-backend-nodejs/part5-notes-frontend/src/components/Note.jsx","statementMap":{"0":{"start":{"line":1,"column":13},"end":{"line":10,"column":1}},"1":{"start":{"line":2,"column":16},"end":{"line":2,"column":72}},"2":{"start":{"line":4,"column":2},"end":{"line":9,"column":3}}},"fnMap":{"0":{"name":"(anonymous_0)","decl":{"start":{"line":1,"column":13},"end":{"line":1,"column":14}},"loc":{"start":{"line":1,"column":45},"end":{"line":10,"column":1}},"line":1}},"branchMap":{"0":{"loc":{"start":{"line":2,"column":16},"end":{"line":2,"column":72}},"type":"cond-expr","locations":[{"start":{"line":2,"column":33},"end":{"line":2,"column":53}},{"start":{"line":2,"column":56},"end":{"line":2,"column":72}}],"line":2}},"s":{"0":1,"1":2,"2":2},"f":{"0":2},"b":{"0":[2,0]},"_coverageSchema":"1a1c01bbd47fc00a2c39e90264f33305004495a9","hash":"fd53710adb3cba4d65846180cdbe7c005cacd82c"}
,"/Users/mandy/Documents/_Proyectos/fullstackopen.com/test-part3-notes-backend-nodejs/part5-notes-frontend/src/components/NoteForm.jsx": {"path":"/Users/mandy/Documents/_Proyectos/fullstackopen.com/test-part3-notes-backend-nodejs/part5-notes-frontend/src/components/NoteForm.jsx","statementMap":{"0":{"start":{"line":3,"column":17},"end":{"line":29,"column":1}},"1":{"start":{"line":4,"column":32},"end":{"line":4,"column":44}},"2":{"start":{"line":6,"column":18},"end":{"line":14,"column":3}},"3":{"start":{"line":7,"column":4},"end":{"line":7,"column":26}},"4":{"start":{"line":8,"column":4},"end":{"line":11,"column":6}},"5":{"start":{"line":13,"column":4},"end":{"line":13,"column":18}},"6":{"start":{"line":16,"column":2},"end":{"line":28,"column":3}},"7":{"start":{"line":23,"column":31},"end":{"line":23,"column":61}}},"fnMap":{"0":{"name":"(anonymous_0)","decl":{"start":{"line":3,"column":17},"end":{"line":3,"column":18}},"loc":{"start":{"line":3,"column":37},"end":{"line":29,"column":1}},"line":3},"1":{"name":"(anonymous_1)","decl":{"start":{"line":6,"column":18},"end":{"line":6,"column":19}},"loc":{"start":{"line":6,"column":29},"end":{"line":14,"column":3}},"line":6},"2":{"name":"(anonymous_2)","decl":{"start":{"line":23,"column":20},"end":{"line":23,"column":21}},"loc":{"start":{"line":23,"column":31},"end":{"line":23,"column":61}},"line":23}},"branchMap":{},"s":{"0":1,"1":3,"2":3,"3":1,"4":1,"5":1,"6":3,"7":1},"f":{"0":3,"1":1,"2":1},"b":{},"_coverageSchema":"1a1c01bbd47fc00a2c39e90264f33305004495a9","hash":"2e28e20217d185b66792489277856dc2df1e2a69"}
,"/Users/mandy/Documents/_Proyectos/fullstackopen.com/test-part3-notes-backend-nodejs/part5-notes-frontend/src/components/Notification.jsx": {"path":"/Users/mandy/Documents/_Proyectos/fullstackopen.com/test-part3-notes-backend-nodejs/part5-notes-frontend/src/components/Notification.jsx","statementMap":{"0":{"start":{"line":1,"column":21},"end":{"line":11,"column":1}},"1":{"start":{"line":2,"column":2},"end":{"line":4,"column":3}},"2":{"start":{"line":3,"column":4},"end":{"line":3,"column":15}},"3":{"start":{"line":6,"column":2},"end":{"line":10,"column":3}}},"fnMap":{"0":{"name":"(anonymous_0)","decl":{"start":{"line":1,"column":21},"end":{"line":1,"column":22}},"loc":{"start":{"line":1,"column":38},"end":{"line":11,"column":1}},"line":1}},"branchMap":{"0":{"loc":{"start":{"line":2,"column":2},"end":{"line":4,"column":3}},"type":"if","locations":[{"start":{"line":2,"column":2},"end":{"line":4,"column":3}},{"start":{},"end":{}}],"line":2}},"s":{"0":0,"1":0,"2":0,"3":0},"f":{"0":0},"b":{"0":[0,0]}}
,"/Users/mandy/Documents/_Proyectos/fullstackopen.com/test-part3-notes-backend-nodejs/part5-notes-frontend/src/components/Togglable.jsx": {"path":"/Users/mandy/Documents/_Proyectos/fullstackopen.com/test-part3-notes-backend-nodejs/part5-notes-frontend/src/components/Togglable.jsx","statementMap":{"0":{"start":{"line":4,"column":18},"end":{"line":31,"column":2}},"1":{"start":{"line":5,"column":32},"end":{"line":5,"column":47}},"2":{"start":{"line":7,"column":26},"end":{"line":7,"column":60}},"3":{"start":{"line":8,"column":26},"end":{"line":8,"column":60}},"4":{"start":{"line":10,"column":27},"end":{"line":12,"column":3}},"5":{"start":{"line":11,"column":4},"end":{"line":11,"column":24}},"6":{"start":{"line":14,"column":2},"end":{"line":18,"column":4}},"7":{"start":{"line":15,"column":4},"end":{"line":17,"column":5}},"8":{"start":{"line":20,"column":2},"end":{"line":30,"column":3}},"9":{"start":{"line":33,"column":0},"end":{"line":33,"column":35}},"10":{"start":{"line":35,"column":0},"end":{"line":37,"column":1}}},"fnMap":{"0":{"name":"(anonymous_0)","decl":{"start":{"line":4,"column":29},"end":{"line":4,"column":30}},"loc":{"start":{"line":4,"column":45},"end":{"line":31,"column":1}},"line":4},"1":{"name":"(anonymous_1)","decl":{"start":{"line":10,"column":27},"end":{"line":10,"column":28}},"loc":{"start":{"line":10,"column":33},"end":{"line":12,"column":3}},"line":10},"2":{"name":"(anonymous_2)","decl":{"start":{"line":14,"column":27},"end":{"line":14,"column":28}},"loc":{"start":{"line":14,"column":33},"end":{"line":18,"column":3}},"line":14}},"branchMap":{"0":{"loc":{"start":{"line":7,"column":37},"end":{"line":7,"column":58}},"type":"cond-expr","locations":[{"start":{"line":7,"column":47},"end":{"line":7,"column":53}},{"start":{"line":7,"column":56},"end":{"line":7,"column":58}}],"line":7},"1":{"loc":{"start":{"line":8,"column":37},"end":{"line":8,"column":58}},"type":"cond-expr","locations":[{"start":{"line":8,"column":47},"end":{"line":8,"column":49}},{"start":{"line":8,"column":52},"end":{"line":8,"column":58}}],"line":8}},"s":{"0":1,"1":7,"2":7,"3":7,"4":7,"5":3,"6":7,"7":0,"8":7,"9":1,"10":1},"f":{"0":7,"1":3,"2":0},"b":{"0":[2,5],"1":[2,5]},"_coverageSchema":"1a1c01bbd47fc00a2c39e90264f33305004495a9","hash":"08047392f29f0f03e35177d207ba89e82390ccac"}
,"/Users/mandy/Documents/_Proyectos/fullstackopen.com/test-part3-notes-backend-nodejs/part5-notes-frontend/src/services/login.js": {"path":"/Users/mandy/Documents/_Proyectos/fullstackopen.com/test-part3-notes-backend-nodejs/part5-notes-frontend/src/services/login.js","statementMap":{"0":{"start":{"line":2,"column":16},"end":{"line":2,"column":49}},"1":{"start":{"line":4,"column":14},"end":{"line":7,"column":1}},"2":{"start":{"line":5,"column":19},"end":{"line":5,"column":57}},"3":{"start":{"line":6,"column":2},"end":{"line":6,"column":22}}},"fnMap":{"0":{"name":"(anonymous_0)","decl":{"start":{"line":4,"column":14},"end":{"line":4,"column":15}},"loc":{"start":{"line":4,"column":37},"end":{"line":7,"column":1}},"line":4}},"branchMap":{},"s":{"0":0,"1":0,"2":0,"3":0},"f":{"0":0},"b":{}}
,"/Users/mandy/Documents/_Proyectos/fullstackopen.com/test-part3-notes-backend-nodejs/part5-notes-frontend/src/services/notes.js": {"path":"/Users/mandy/Documents/_Proyectos/fullstackopen.com/test-part3-notes-backend-nodejs/part5-notes-frontend/src/services/notes.js","statementMap":{"0":{"start":{"line":2,"column":16},"end":{"line":2,"column":49}},"1":{"start":{"line":4,"column":12},"end":{"line":4,"column":16}},"2":{"start":{"line":6,"column":17},"end":{"line":8,"column":1}},"3":{"start":{"line":7,"column":2},"end":{"line":7,"column":30}},"4":{"start":{"line":10,"column":15},"end":{"line":13,"column":1}},"5":{"start":{"line":11,"column":18},"end":{"line":11,"column":36}},"6":{"start":{"line":12,"column":2},"end":{"line":12,"column":50}},"7":{"start":{"line":12,"column":36},"end":{"line":12,"column":49}},"8":{"start":{"line":15,"column":15},"end":{"line":22,"column":1}},"9":{"start":{"line":16,"column":17},"end":{"line":18,"column":3}},"10":{"start":{"line":20,"column":19},"end":{"line":20,"column":63}},"11":{"start":{"line":21,"column":2},"end":{"line":21,"column":22}},"12":{"start":{"line":24,"column":15},"end":{"line":27,"column":1}},"13":{"start":{"line":25,"column":18},"end":{"line":25,"column":58}},"14":{"start":{"line":26,"column":2},"end":{"line":26,"column":50}},"15":{"start":{"line":26,"column":36},"end":{"line":26,"column":49}}},"fnMap":{"0":{"name":"(anonymous_0)","decl":{"start":{"line":6,"column":17},"end":{"line":6,"column":18}},"loc":{"start":{"line":6,"column":31},"end":{"line":8,"column":1}},"line":6},"1":{"name":"(anonymous_1)","decl":{"start":{"line":10,"column":15},"end":{"line":10,"column":16}},"loc":{"start":{"line":10,"column":21},"end":{"line":13,"column":1}},"line":10},"2":{"name":"(anonymous_2)","decl":{"start":{"line":12,"column":22},"end":{"line":12,"column":23}},"loc":{"start":{"line":12,"column":36},"end":{"line":12,"column":49}},"line":12},"3":{"name":"(anonymous_3)","decl":{"start":{"line":15,"column":15},"end":{"line":15,"column":16}},"loc":{"start":{"line":15,"column":36},"end":{"line":22,"column":1}},"line":15},"4":{"name":"(anonymous_4)","decl":{"start":{"line":24,"column":15},"end":{"line":24,"column":16}},"loc":{"start":{"line":24,"column":34},"end":{"line":27,"column":1}},"line":24},"5":{"name":"(anonymous_5)","decl":{"start":{"line":26,"column":22},"end":{"line":26,"column":23}},"loc":{"start":{"line":26,"column":36},"end":{"line":26,"column":49}},"line":26}},"branchMap":{},"s":{"0":0,"1":0,"2":0,"3":0,"4":0,"5":0,"6":0,"7":0,"8":0,"9":0,"10":0,"11":0,"12":0,"13":0,"14":0,"15":0},"f":{"0":0,"1":0,"2":0,"3":0,"4":0,"5":0},"b":{}}
}
